# JRE version: Java(TM) SE Runtime Environment (8.0_65-b17) (build 1.8.0_65-b17)
# Java VM: Java HotSpot(TM) 64-Bit Server VM (25.65-b01 mixed mode windows-amd64 compressed oops)
Heap:
 PSYoungGen      total 197120K, used 68568K [0x00000000eab00000, 0x00000000f7d80000, 0x0000000100000000)
  eden space 181760K, 37% used [0x00000000eab00000,0x00000000eedf6088,0x00000000f5c80000)
  from space 15360K, 0% used [0x00000000f5c80000,0x00000000f5c80000,0x00000000f6b80000)
  to   space 16896K, 0% used [0x00000000f6d00000,0x00000000f6d00000,0x00000000f7d80000)
 ParOldGen       total 130048K, used 51650K [0x00000000c0000000, 0x00000000c7f00000, 0x00000000eab00000)
  object space 130048K, 39% used [0x00000000c0000000,0x00000000c3270a08,0x00000000c7f00000)
 Metaspace       used 50430K, capacity 52980K, committed 53120K, reserved 1095680K
  class space    used 6884K, capacity 7439K, committed 7552K, reserved 1048576K
GC Heap History (10 events):
Event: 238.832 GC heap before
{Heap before GC invocations=24 (full 3):
 PSYoungGen      total 192512K, used 156318K [0x00000000eab00000, 0x00000000f7a80000, 0x0000000100000000)
  eden space 181760K, 82% used [0x00000000eab00000,0x00000000f3c911a8,0x00000000f5c80000)
  from space 10752K, 67% used [0x00000000f7000000,0x00000000f77166a8,0x00000000f7a80000)
  to   space 15360K, 0% used [0x00000000f5c80000,0x00000000f5c80000,0x00000000f6b80000)
 ParOldGen       total 51712K, used 41426K [0x00000000c0000000, 0x00000000c3280000, 0x00000000eab00000)
  object space 51712K, 80% used [0x00000000c0000000,0x00000000c2874a08,0x00000000c3280000)
 Metaspace       used 49206K, capacity 51134K, committed 51328K, reserved 1093632K
  class space    used 6750K, capacity 7238K, committed 7296K, reserved 1048576K
Event: 238.858 GC heap after
Heap after GC invocations=24 (full 3):
 PSYoungGen      total 197120K, used 13150K [0x00000000eab00000, 0x00000000f7d80000, 0x0000000100000000)
  eden space 181760K, 0% used [0x00000000eab00000,0x00000000eab00000,0x00000000f5c80000)
  from space 15360K, 85% used [0x00000000f5c80000,0x00000000f69579b8,0x00000000f6b80000)
  to   space 16896K, 0% used [0x00000000f6d00000,0x00000000f6d00000,0x00000000f7d80000)
 ParOldGen       total 51712K, used 41434K [0x00000000c0000000, 0x00000000c3280000, 0x00000000eab00000)
  object space 51712K, 80% used [0x00000000c0000000,0x00000000c2876a08,0x00000000c3280000)
 Metaspace       used 49206K, capacity 51134K, committed 51328K, reserved 1093632K
  class space    used 6750K, capacity 7238K, committed 7296K, reserved 1048576K
}
Event: 238.858 GC heap before
{Heap before GC invocations=25 (full 4):
 PSYoungGen      total 197120K, used 13150K [0x00000000eab00000, 0x00000000f7d80000, 0x0000000100000000)
  eden space 181760K, 0% used [0x00000000eab00000,0x00000000eab00000,0x00000000f5c80000)
  from space 15360K, 85% used [0x00000000f5c80000,0x00000000f69579b8,0x00000000f6b80000)
  to   space 16896K, 0% used [0x00000000f6d00000,0x00000000f6d00000,0x00000000f7d80000)
 ParOldGen       total 51712K, used 41434K [0x00000000c0000000, 0x00000000c3280000, 0x00000000eab00000)
  object space 51712K, 80% used [0x00000000c0000000,0x00000000c2876a08,0x00000000c3280000)
 Metaspace       used 49206K, capacity 51134K, committed 51328K, reserved 1093632K
  class space    used 6750K, capacity 7238K, committed 7296K, reserved 1048576K
Event: 240.532 GC heap after
Heap after GC invocations=25 (full 4):
 PSYoungGen      total 197120K, used 0K [0x00000000eab00000, 0x00000000f7d80000, 0x0000000100000000)
  eden space 181760K, 0% used [0x00000000eab00000,0x00000000eab00000,0x00000000f5c80000)
  from space 15360K, 0% used [0x00000000f5c80000,0x00000000f5c80000,0x00000000f6b80000)
  to   space 16896K, 0% used [0x00000000f6d00000,0x00000000f6d00000,0x00000000f7d80000)
 ParOldGen       total 51712K, used 50562K [0x00000000c0000000, 0x00000000c3280000, 0x00000000eab00000)
  object space 51712K, 97% used [0x00000000c0000000,0x00000000c3160bb0,0x00000000c3280000)
 Metaspace       used 49206K, capacity 51134K, committed 51328K, reserved 1093632K
  class space    used 6750K, capacity 7238K, committed 7296K, reserved 1048576K
}
Event: 253.399 GC heap before
{Heap before GC invocations=26 (full 5):
 PSYoungGen      total 197120K, used 181760K [0x00000000eab00000, 0x00000000f7d80000, 0x0000000100000000)
  eden space 181760K, 100% used [0x00000000eab00000,0x00000000f5c80000,0x00000000f5c80000)
  from space 15360K, 0% used [0x00000000f5c80000,0x00000000f5c80000,0x00000000f6b80000)
  to   space 16896K, 0% used [0x00000000f6d00000,0x00000000f6d00000,0x00000000f7d80000)
 ParOldGen       total 51712K, used 50562K [0x00000000c0000000, 0x00000000c3280000, 0x00000000eab00000)
  object space 51712K, 97% used [0x00000000c0000000,0x00000000c3160bb0,0x00000000c3280000)
 Metaspace       used 49441K, capacity 51388K, committed 51584K, reserved 1093632K
  class space    used 6768K, capacity 7263K, committed 7296K, reserved 1048576K
Event: 254.271 GC heap after
Heap after GC invocations=26 (full 5):
 PSYoungGen      total 197120K, used 1122K [0x00000000eab00000, 0x00000000f7d80000, 0x0000000100000000)
  eden space 181760K, 0% used [0x00000000eab00000,0x00000000eac18a48,0x00000000f5c80000)
  from space 15360K, 0% used [0x00000000f5c80000,0x00000000f5c80000,0x00000000f6b80000)
  to   space 16896K, 0% used [0x00000000f6d00000,0x00000000f6d00000,0x00000000f7d80000)
 ParOldGen       total 51712K, used 51650K [0x00000000c0000000, 0x00000000c3280000, 0x00000000eab00000)
  object space 51712K, 99% used [0x00000000c0000000,0x00000000c3270a78,0x00000000c3280000)
 Metaspace       used 49441K, capacity 51388K, committed 51584K, reserved 1093632K
  class space    used 6768K, capacity 7263K, committed 7296K, reserved 1048576K
}
Event: 326.976 GC heap before
{Heap before GC invocations=27 (full 6):
 PSYoungGen      total 197120K, used 181732K [0x00000000eab00000, 0x00000000f7d80000, 0x0000000100000000)
  eden space 181760K, 99% used [0x00000000eab00000,0x00000000f5c79038,0x00000000f5c80000)
  from space 15360K, 0% used [0x00000000f5c80000,0x00000000f5c80000,0x00000000f6b80000)
  to   space 16896K, 0% used [0x00000000f6d00000,0x00000000f6d00000,0x00000000f7d80000)
 ParOldGen       total 51712K, used 51650K [0x00000000c0000000, 0x00000000c3280000, 0x00000000eab00000)
  object space 51712K, 99% used [0x00000000c0000000,0x00000000c3270a78,0x00000000c3280000)
 Metaspace       used 49827K, capacity 52222K, committed 52480K, reserved 1093632K
  class space    used 6821K, capacity 7334K, committed 7424K, reserved 1048576K
Event: 327.411 GC heap after
Heap after GC invocations=27 (full 6):
 PSYoungGen      total 197120K, used 162K [0x00000000eab00000, 0x00000000f7d80000, 0x0000000100000000)
  eden space 181760K, 0% used [0x00000000eab00000,0x00000000eab28990,0x00000000f5c80000)
  from space 15360K, 0% used [0x00000000f5c80000,0x00000000f5c80000,0x00000000f6b80000)
  to   space 16896K, 0% used [0x00000000f6d00000,0x00000000f6d00000,0x00000000f7d80000)
 ParOldGen       total 51712K, used 51603K [0x00000000c0000000, 0x00000000c3280000, 0x00000000eab00000)
  object space 51712K, 99% used [0x00000000c0000000,0x00000000c3264db0,0x00000000c3280000)
 Metaspace       used 49827K, capacity 52222K, committed 52480K, reserved 1093632K
  class space    used 6821K, capacity 7334K, committed 7424K, reserved 1048576K
}
Event: 338.198 GC heap before
{Heap before GC invocations=28 (full 7):
 PSYoungGen      total 197120K, used 181760K [0x00000000eab00000, 0x00000000f7d80000, 0x0000000100000000)
  eden space 181760K, 100% used [0x00000000eab00000,0x00000000f5c80000,0x00000000f5c80000)
  from space 15360K, 0% used [0x00000000f5c80000,0x00000000f5c80000,0x00000000f6b80000)
  to   space 16896K, 0% used [0x00000000f6d00000,0x00000000f6d00000,0x00000000f7d80000)
 ParOldGen       total 51712K, used 51603K [0x00000000c0000000, 0x00000000c3280000, 0x00000000eab00000)
  object space 51712K, 99% used [0x00000000c0000000,0x00000000c3264db0,0x00000000c3280000)
 Metaspace       used 50354K, capacity 52826K, committed 52992K, reserved 1095680K
  class space    used 6876K, capacity 7424K, committed 7424K, reserved 1048576K
Event: 339.678 GC heap after
Heap after GC invocations=28 (full 7):
 PSYoungGen      total 197120K, used 3255K [0x00000000eab00000, 0x00000000f7d80000, 0x0000000100000000)
  eden space 181760K, 1% used [0x00000000eab00000,0x00000000eae2ded8,0x00000000f5c80000)
  from space 15360K, 0% used [0x00000000f5c80000,0x00000000f5c80000,0x00000000f6b80000)
  to   space 16896K, 0% used [0x00000000f6d00000,0x00000000f6d00000,0x00000000f7d80000)
 ParOldGen       total 130048K, used 51650K [0x00000000c0000000, 0x00000000c7f00000, 0x00000000eab00000)
  object space 130048K, 39% used [0x00000000c0000000,0x00000000c3270a08,0x00000000c7f00000)
 Metaspace       used 50354K, capacity 52826K, committed 52992K, reserved 1095680K
  class space    used 6876K, capacity 7424K, committed 7424K, reserved 1048576K
}

